<?xml version="1.0" encoding="UTF-8"?>
<!-- Generated by org.testng.reporters.JUnitXMLReporter -->
<testsuite ignored="1" hostname="DESKTOP-G23FB35" failures="1" tests="12" name="Test" time="0.093" errors="0" timestamp="2023-02-08T22:22:32 IST">
  <testcase classname="test.test1" name="done" time="0.007"/>
  <testcase classname="test.test1" name="life" time="0.001"/>
  <testcase classname="test.test1" name="para" time="0.002"/>
  <testcase classname="test.test1" name="sar" time="0.003">
    <failure type="java.lang.AssertionError" message="expected [true] but found [false]">
      <![CDATA[java.lang.AssertionError: expected [true] but found [false]
at test.test1.sar(test1.java:41)
at java.base/java.util.ArrayList.forEach(ArrayList.java:1511)
... Removed 31 stack frames]]>
    </failure>
  </testcase> <!-- sar -->
  <testcase classname="test.test2" name="fuck" time="0.007"/>
  <testcase classname="test.test2" name="Apitest" time="0.001"/>
  <testcase classname="test.test4" name="mobilehomeloan" time="0.001"/>
  <testcase classname="test.test4" name="webhomeloan" time="0.001"/>
  <testcase classname="test.test5" name="paraa" time="0.001"/>
  <testcase classname="test.test3" name="moblieApicarloan" time="0.001"/>
  <testcase classname="test.test3" name="mobliehomeloan" time="0.001"/>
  <testcase classname="test.test3" name="webcarloan" time="0.001"/>
  <testcase classname="test.test2" name="lasst" time="0.0">
    <ignored/>
  </testcase> <!-- lasst -->
</testsuite> <!-- Test -->
