<?xml version="1.0" encoding="UTF-8"?>
<!-- Generated by org.testng.reporters.JUnitXMLReporter -->
<testsuite ignored="0" hostname="DESKTOP-G23FB35" failures="2" tests="4" name="home loan" time="0.06" errors="0" timestamp="2023-02-08T22:43:21 IST">
  <testcase classname="test.test5" name="paraa" time="0.0">
    <failure type="org.testng.TestNGException" message="
Parameter &amp;apos;URL&amp;apos; is required by @Test on method paraa but has not been marked @Optional or defined
in C:\Users\sagar\OneDrive\Documents\eclipse-workspace\TestNgtutorials\testng.xml">
      <![CDATA[org.testng.TestNGException: 
Parameter 'URL' is required by @Test on method paraa but has not been marked @Optional or defined
in C:\Users\sagar\OneDrive\Documents\eclipse-workspace\TestNgtutorials\testng.xml
at java.base/java.util.ArrayList.forEach(ArrayList.java:1511)
at java.base/java.util.concurrent.FutureTask.run(FutureTask.java:264)
at java.base/java.util.concurrent.ThreadPoolExecutor.runWorker(ThreadPoolExecutor.java:1136)
at java.base/java.util.concurrent.ThreadPoolExecutor$Worker.run(ThreadPoolExecutor.java:635)
at java.base/java.lang.Thread.run(Thread.java:833)
... Removed 17 stack frames]]>
    </failure>
  </testcase> <!-- paraa -->
  <testcase classname="test.test3" name="moblieApicarloan" time="0.001"/>
  <testcase classname="test.test3" name="mobliehomeloan" time="0.001"/>
  <testcase classname="test.test3" name="webcarloan" time="0.0">
    <failure type="org.testng.TestNGException" message="
Parameter &amp;apos;URL&amp;apos; is required by @Test on method webcarloan but has not been marked @Optional or defined
in C:\Users\sagar\OneDrive\Documents\eclipse-workspace\TestNgtutorials\testng.xml">
      <![CDATA[org.testng.TestNGException: 
Parameter 'URL' is required by @Test on method webcarloan but has not been marked @Optional or defined
in C:\Users\sagar\OneDrive\Documents\eclipse-workspace\TestNgtutorials\testng.xml
at java.base/java.util.ArrayList.forEach(ArrayList.java:1511)
at java.base/java.util.concurrent.FutureTask.run(FutureTask.java:264)
at java.base/java.util.concurrent.ThreadPoolExecutor.runWorker(ThreadPoolExecutor.java:1136)
at java.base/java.util.concurrent.ThreadPoolExecutor$Worker.run(ThreadPoolExecutor.java:635)
at java.base/java.lang.Thread.run(Thread.java:833)
... Removed 17 stack frames]]>
    </failure>
  </testcase> <!-- webcarloan -->
</testsuite> <!-- home loan -->
