<!DOCTYPE html PUBLIC "-//W3C//DTD XHTML 1.1//EN" "https://www.w3.org/TR/xhtml11/DTD/xhtml11.dtd">
<html xmlns="https://www.w3.org/1999/xhtml">
<head>
<meta http-equiv="content-type" content="text/html; charset=UTF-8"/>
<title>TestNG Report</title>
<style type="text/css">table {margin-bottom:10px;border-collapse:collapse;empty-cells:show}th,td {border:1px solid #009;padding:.25em .5em}th {vertical-align:bottom}td {vertical-align:top}table a {font-weight:bold}.stripe td {background-color: #E6EBF9}.num {text-align:right}.passedodd td {background-color: #3F3}.passedeven td {background-color: #0A0}.skippedodd td {background-color: #DDD}.skippedeven td {background-color: #CCC}.failedodd td,.attn {background-color: #F33}.failedeven td,.stripe .attn {background-color: #D00}.stacktrace {white-space:pre;font-family:monospace}.totop {font-size:85%;text-align:center;border-bottom:2px solid #000}.invisible {display:none}</style>
</head>
<body>
<table>
<tr><th>Test</th><th># Passed</th><th># Skipped</th><th># Retried</th><th># Failed</th><th>Time (ms)</th><th>Included Groups</th><th>Excluded Groups</th></tr>
<tr><th colspan="8">Loan department</th></tr>
<tr><td><a href="#t0">carloan</a></td><td class="num">7</td><td class="num">0</td><td class="num">0</td><td class="num attn">1</td><td class="num">78</td><td></td><td></td></tr>
<tr class="stripe"><td><a href="#t1">home loan</a></td><td class="num">2</td><td class="num">0</td><td class="num">0</td><td class="num attn">2</td><td class="num">60</td><td></td><td></td></tr>
<tr><th>Total</th><th class="num">9</th><th class="num">0</th><th class="num">0</th><th class="num attn">3</th><th class="num">138</th><th colspan="2"></th></tr>
</table>
<table id='summary'><thead><tr><th>Class</th><th>Method</th><th>Start</th><th>Time (ms)</th></tr></thead><tbody><tr><th colspan="4">Loan department</th></tr></tbody><tbody id="t0"><tr><th colspan="4">carloan &#8212; failed</th></tr><tr class="failedeven"><td rowspan="1">test.test1</td><td><a href="#m0">sar</a></td><td rowspan="1">1675876401836</td><td rowspan="1">9</td></tr><tr><th colspan="4">carloan &#8212; passed</th></tr><tr class="passedeven"><td rowspan="3">test.test1</td><td><a href="#m1">done</a></td><td rowspan="1">1675876401816</td><td rowspan="1">5</td></tr><tr class="passedeven"><td><a href="#m2">life</a></td><td rowspan="1">1675876401827</td><td rowspan="1">1</td></tr><tr class="passedeven"><td><a href="#m3">para</a></td><td rowspan="1">1675876401832</td><td rowspan="1">2</td></tr><tr class="passedodd"><td rowspan="2">test.test2</td><td><a href="#m4">Apitest</a></td><td rowspan="1">1675876401862</td><td rowspan="1">2</td></tr><tr class="passedodd"><td><a href="#m5">fuck</a></td><td rowspan="1">1675876401848</td><td rowspan="1">4</td></tr><tr class="passedeven"><td rowspan="2">test.test4</td><td><a href="#m6">mobilehomeloan</a></td><td rowspan="1">1675876401854</td><td rowspan="1">2</td></tr><tr class="passedeven"><td><a href="#m7">webhomeloan</a></td><td rowspan="1">1675876401856</td><td rowspan="1">1</td></tr></tbody>
<tbody id="t1"><tr><th colspan="4">home loan &#8212; failed</th></tr><tr class="failedeven"><td rowspan="1">test.test3</td><td><a href="#m8">webcarloan</a></td><td rowspan="1">1675876401843</td><td rowspan="1">0</td></tr><tr class="failedodd"><td rowspan="1">test.test5</td><td><a href="#m9">paraa</a></td><td rowspan="1">1675876401828</td><td rowspan="1">0</td></tr><tr><th colspan="4">home loan &#8212; passed</th></tr><tr class="passedeven"><td rowspan="2">test.test3</td><td><a href="#m10">moblieApicarloan</a></td><td rowspan="1">1675876401836</td><td rowspan="1">1</td></tr><tr class="passedeven"><td><a href="#m11">mobliehomeloan</a></td><td rowspan="1">1675876401840</td><td rowspan="1">1</td></tr></tbody>
</table>
<h2>carloan</h2><h3 id="m0">test.test1#sar</h3><table class="result"><tr><th>Exception</th></tr><tr><td><div class="stacktrace">java.lang.AssertionError: expected [true] but found [false]
	at test.test1.sar(test1.java:41)
	at java.base/java.util.ArrayList.forEach(ArrayList.java:1511)
	at java.base/java.util.concurrent.FutureTask.run(FutureTask.java:264)
	at java.base/java.util.concurrent.ThreadPoolExecutor.runWorker(ThreadPoolExecutor.java:1136)
	at java.base/java.util.concurrent.ThreadPoolExecutor$Worker.run(ThreadPoolExecutor.java:635)
	at java.base/java.lang.Thread.run(Thread.java:833)
... Removed 22 stack frames</div></td></tr></table><p class="totop"><a href="#summary">back to summary</a></p>
<h3 id="m1">test.test1#done</h3><table class="result"><tr><th class="invisible"/></tr></table><p class="totop"><a href="#summary">back to summary</a></p>
<h3 id="m2">test.test1#life</h3><table class="result"><tr><th class="invisible"/></tr></table><p class="totop"><a href="#summary">back to summary</a></p>
<h3 id="m3">test.test1#para</h3><table class="result"><tr class="param"><th>Parameter #1</th></tr><tr class="param stripe"><td>www.facebook.com</td></tr></table><p class="totop"><a href="#summary">back to summary</a></p>
<h3 id="m4">test.test2#Apitest</h3><table class="result"><tr><th class="invisible"/></tr></table><p class="totop"><a href="#summary">back to summary</a></p>
<h3 id="m5">test.test2#fuck</h3><table class="result"><tr><th class="invisible"/></tr></table><p class="totop"><a href="#summary">back to summary</a></p>
<h3 id="m6">test.test4#mobilehomeloan</h3><table class="result"><tr class="param"><th>Parameter #1</th><th>Parameter #2</th></tr><tr class="param stripe"><td>www.facebook.com</td><td>86693934934</td></tr></table><p class="totop"><a href="#summary">back to summary</a></p>
<h3 id="m7">test.test4#webhomeloan</h3><table class="result"><tr><th class="invisible"/></tr></table><p class="totop"><a href="#summary">back to summary</a></p>
<h2>home loan</h2><h3 id="m8">test.test3#webcarloan</h3><table class="result"><tr><th>Exception</th></tr><tr><td><div class="stacktrace">org.testng.TestNGException: 
Parameter &apos;URL&apos; is required by @Test on method webcarloan but has not been marked @Optional or defined
in C:\Users\sagar\OneDrive\Documents\eclipse-workspace\TestNgtutorials\testng.xml
	at java.base/java.util.ArrayList.forEach(ArrayList.java:1511)
	at java.base/java.util.concurrent.FutureTask.run(FutureTask.java:264)
	at java.base/java.util.concurrent.ThreadPoolExecutor.runWorker(ThreadPoolExecutor.java:1136)
	at java.base/java.util.concurrent.ThreadPoolExecutor$Worker.run(ThreadPoolExecutor.java:635)
	at java.base/java.lang.Thread.run(Thread.java:833)
... Removed 17 stack frames</div></td></tr></table><p class="totop"><a href="#summary">back to summary</a></p>
<h3 id="m9">test.test5#paraa</h3><table class="result"><tr><th>Exception</th></tr><tr><td><div class="stacktrace">org.testng.TestNGException: 
Parameter &apos;URL&apos; is required by @Test on method paraa but has not been marked @Optional or defined
in C:\Users\sagar\OneDrive\Documents\eclipse-workspace\TestNgtutorials\testng.xml
	at java.base/java.util.ArrayList.forEach(ArrayList.java:1511)
	at java.base/java.util.concurrent.FutureTask.run(FutureTask.java:264)
	at java.base/java.util.concurrent.ThreadPoolExecutor.runWorker(ThreadPoolExecutor.java:1136)
	at java.base/java.util.concurrent.ThreadPoolExecutor$Worker.run(ThreadPoolExecutor.java:635)
	at java.base/java.lang.Thread.run(Thread.java:833)
... Removed 17 stack frames</div></td></tr></table><p class="totop"><a href="#summary">back to summary</a></p>
<h3 id="m10">test.test3#moblieApicarloan</h3><table class="result"><tr><th class="invisible"/></tr></table><p class="totop"><a href="#summary">back to summary</a></p>
<h3 id="m11">test.test3#mobliehomeloan</h3><table class="result"><tr><th class="invisible"/></tr></table><p class="totop"><a href="#summary">back to summary</a></p>
</body>
</html>
