<?xml version="1.0" encoding="UTF-8"?>
<testng-results ignored="1" total="13" passed="9" failed="3" skipped="0">
  <reporter-output>
  </reporter-output>
  <suite started-at="2023-02-08T22:43:21 IST" name="Loan department" finished-at="2023-02-08T22:43:21 IST" duration-ms="78">
    <groups>
      <group name="smoke">
        <method signature="test2.fuck()[pri:0, instance:test.test2@62230c58]" name="fuck" class="test.test2"/>
        <method signature="test4.webhomeloan()[pri:0, instance:test.test4@6a84a97d]" name="webhomeloan" class="test.test4"/>
        <method signature="test3.moblieApicarloan()[pri:0, instance:test.test3@2b91004a]" name="moblieApicarloan" class="test.test3"/>
        <method signature="test3.mobliehomeloan()[pri:0, instance:test.test3@2b91004a]" name="mobliehomeloan" class="test.test3"/>
      </group> <!-- smoke -->
    </groups>
    <test started-at="2023-02-08T22:43:21 IST" name="carloan" finished-at="2023-02-08T22:43:21 IST" duration-ms="78">
      <class name="test.test1">
        <test-method signature="done()[pri:0, instance:test.test1@366647c2]" started-at="2023-02-08T22:43:21 IST" name="done" finished-at="2023-02-08T22:43:21 IST" duration-ms="5" status="PASS">
          <reporter-output>
          </reporter-output>
        </test-method> <!-- done -->
        <test-method signature="life()[pri:0, instance:test.test1@366647c2]" started-at="2023-02-08T22:43:21 IST" name="life" finished-at="2023-02-08T22:43:21 IST" duration-ms="1" status="PASS">
          <reporter-output>
          </reporter-output>
        </test-method> <!-- life -->
        <test-method signature="para(java.lang.String)[pri:0, instance:test.test1@366647c2]" started-at="2023-02-08T22:43:21 IST" name="para" finished-at="2023-02-08T22:43:21 IST" duration-ms="2" status="PASS">
          <params>
            <param index="0">
              <value>
                <![CDATA[www.facebook.com]]>
              </value>
            </param>
          </params>
          <reporter-output>
          </reporter-output>
        </test-method> <!-- para -->
        <test-method signature="sar()[pri:0, instance:test.test1@366647c2]" started-at="2023-02-08T22:43:21 IST" name="sar" finished-at="2023-02-08T22:43:21 IST" duration-ms="9" status="FAIL">
          <exception class="java.lang.AssertionError">
            <message>
              <![CDATA[expected [true] but found [false]]]>
            </message>
            <full-stacktrace>
              <![CDATA[java.lang.AssertionError: expected [true] but found [false]
at org.testng.Assert.fail(Assert.java:99)
at org.testng.Assert.failNotEquals(Assert.java:1037)
at org.testng.Assert.assertTrue(Assert.java:45)
at org.testng.Assert.assertTrue(Assert.java:55)
at test.test1.sar(test1.java:41)
at java.base/jdk.internal.reflect.NativeMethodAccessorImpl.invoke0(Native Method)
at java.base/jdk.internal.reflect.NativeMethodAccessorImpl.invoke(NativeMethodAccessorImpl.java:77)
at java.base/jdk.internal.reflect.DelegatingMethodAccessorImpl.invoke(DelegatingMethodAccessorImpl.java:43)
at java.base/java.lang.reflect.Method.invoke(Method.java:568)
at org.testng.internal.MethodInvocationHelper.invokeMethod(MethodInvocationHelper.java:133)
at org.testng.internal.TestInvoker.invokeMethod(TestInvoker.java:598)
at org.testng.internal.TestInvoker.invokeTestMethod(TestInvoker.java:173)
at org.testng.internal.MethodRunner.runInSequence(MethodRunner.java:46)
at org.testng.internal.TestInvoker$MethodInvocationAgent.invoke(TestInvoker.java:824)
at org.testng.internal.TestInvoker.invokeTestMethods(TestInvoker.java:146)
at org.testng.internal.TestMethodWorker.invokeTestMethods(TestMethodWorker.java:146)
at org.testng.internal.TestMethodWorker.run(TestMethodWorker.java:128)
at java.base/java.util.ArrayList.forEach(ArrayList.java:1511)
at org.testng.TestRunner.privateRun(TestRunner.java:794)
at org.testng.TestRunner.run(TestRunner.java:596)
at org.testng.SuiteRunner.runTest(SuiteRunner.java:377)
at org.testng.SuiteRunner.access$000(SuiteRunner.java:28)
at org.testng.SuiteRunner$SuiteWorker.run(SuiteRunner.java:418)
at org.testng.internal.thread.ThreadUtil.lambda$execute$0(ThreadUtil.java:64)
at java.base/java.util.concurrent.FutureTask.run(FutureTask.java:264)
at java.base/java.util.concurrent.ThreadPoolExecutor.runWorker(ThreadPoolExecutor.java:1136)
at java.base/java.util.concurrent.ThreadPoolExecutor$Worker.run(ThreadPoolExecutor.java:635)
at java.base/java.lang.Thread.run(Thread.java:833)
]]>
            </full-stacktrace>
          </exception> <!-- java.lang.AssertionError -->
          <reporter-output>
          </reporter-output>
        </test-method> <!-- sar -->
      </class> <!-- test.test1 -->
      <class name="test.test4">
        <test-method is-config="true" signature="apihomeloan()[pri:0, instance:test.test4@6a84a97d]" started-at="2023-02-08T22:43:21 IST" name="apihomeloan" finished-at="2023-02-08T22:43:21 IST" duration-ms="0" status="PASS">
          <reporter-output>
          </reporter-output>
        </test-method> <!-- apihomeloan -->
        <test-method signature="mobilehomeloan(java.lang.String,java.lang.String)[pri:0, instance:test.test4@6a84a97d]" started-at="2023-02-08T22:43:21 IST" name="mobilehomeloan" finished-at="2023-02-08T22:43:21 IST" duration-ms="2" status="PASS">
          <params>
            <param index="0">
              <value>
                <![CDATA[www.facebook.com]]>
              </value>
            </param>
            <param index="1">
              <value>
                <![CDATA[86693934934]]>
              </value>
            </param>
          </params>
          <reporter-output>
          </reporter-output>
        </test-method> <!-- mobilehomeloan -->
        <test-method signature="webhomeloan()[pri:0, instance:test.test4@6a84a97d]" started-at="2023-02-08T22:43:21 IST" name="webhomeloan" finished-at="2023-02-08T22:43:21 IST" duration-ms="1" status="PASS">
          <reporter-output>
          </reporter-output>
        </test-method> <!-- webhomeloan -->
        <test-method is-config="true" signature="last()[pri:0, instance:test.test4@6a84a97d]" started-at="2023-02-08T22:43:21 IST" name="last" finished-at="2023-02-08T22:43:21 IST" duration-ms="0" status="PASS">
          <reporter-output>
          </reporter-output>
        </test-method> <!-- last -->
      </class> <!-- test.test4 -->
      <class name="test.test2">
        <test-method signature="fuck()[pri:0, instance:test.test2@62230c58]" started-at="2023-02-08T22:43:21 IST" name="fuck" finished-at="2023-02-08T22:43:21 IST" duration-ms="4" status="PASS">
          <reporter-output>
          </reporter-output>
        </test-method> <!-- fuck -->
        <test-method signature="Apitest()[pri:0, instance:test.test2@62230c58]" started-at="2023-02-08T22:43:21 IST" name="Apitest" finished-at="2023-02-08T22:43:21 IST" depends-on-methods="test.test2.fuck" duration-ms="2" status="PASS">
          <reporter-output>
          </reporter-output>
        </test-method> <!-- Apitest -->
      </class> <!-- test.test2 -->
    </test> <!-- carloan -->
    <test started-at="2023-02-08T22:43:21 IST" name="home loan" finished-at="2023-02-08T22:43:21 IST" duration-ms="60">
      <class name="test.test4">
        <test-method is-config="true" signature="beforee()[pri:0, instance:test.test4@6a84a97d]" started-at="2023-02-08T22:43:21 IST" name="beforee" finished-at="2023-02-08T22:43:21 IST" duration-ms="9" status="PASS">
          <reporter-output>
          </reporter-output>
        </test-method> <!-- beforee -->
      </class> <!-- test.test4 -->
      <class name="test.test5">
        <test-method signature="paraa(java.lang.String)[pri:0, instance:test.test5@56cdfb3b]" started-at="2023-02-08T22:43:21 IST" name="paraa" finished-at="2023-02-08T22:43:21 IST" duration-ms="0" status="FAIL">
          <exception class="org.testng.TestNGException">
            <message>
              <![CDATA[
Parameter 'URL' is required by @Test on method paraa but has not been marked @Optional or defined
in C:\Users\sagar\OneDrive\Documents\eclipse-workspace\TestNgtutorials\testng.xml]]>
            </message>
            <full-stacktrace>
              <![CDATA[org.testng.TestNGException: 
Parameter 'URL' is required by @Test on method paraa but has not been marked @Optional or defined
in C:\Users\sagar\OneDrive\Documents\eclipse-workspace\TestNgtutorials\testng.xml
at org.testng.internal.Parameters.createParams(Parameters.java:270)
at org.testng.internal.Parameters.createParametersForMethod(Parameters.java:358)
at org.testng.internal.Parameters.createParameters(Parameters.java:700)
at org.testng.internal.Parameters.handleParameters(Parameters.java:884)
at org.testng.internal.Parameters.handleParameters(Parameters.java:740)
at org.testng.internal.ParameterHandler.handleParameters(ParameterHandler.java:59)
at org.testng.internal.ParameterHandler.createParameters(ParameterHandler.java:38)
at org.testng.internal.TestInvoker$MethodInvocationAgent.invoke(TestInvoker.java:791)
at org.testng.internal.TestInvoker.invokeTestMethods(TestInvoker.java:146)
at org.testng.internal.TestMethodWorker.invokeTestMethods(TestMethodWorker.java:146)
at org.testng.internal.TestMethodWorker.run(TestMethodWorker.java:128)
at java.base/java.util.ArrayList.forEach(ArrayList.java:1511)
at org.testng.TestRunner.privateRun(TestRunner.java:794)
at org.testng.TestRunner.run(TestRunner.java:596)
at org.testng.SuiteRunner.runTest(SuiteRunner.java:377)
at org.testng.SuiteRunner.access$000(SuiteRunner.java:28)
at org.testng.SuiteRunner$SuiteWorker.run(SuiteRunner.java:418)
at org.testng.internal.thread.ThreadUtil.lambda$execute$0(ThreadUtil.java:64)
at java.base/java.util.concurrent.FutureTask.run(FutureTask.java:264)
at java.base/java.util.concurrent.ThreadPoolExecutor.runWorker(ThreadPoolExecutor.java:1136)
at java.base/java.util.concurrent.ThreadPoolExecutor$Worker.run(ThreadPoolExecutor.java:635)
at java.base/java.lang.Thread.run(Thread.java:833)
]]>
            </full-stacktrace>
          </exception> <!-- org.testng.TestNGException -->
          <reporter-output>
          </reporter-output>
        </test-method> <!-- paraa -->
      </class> <!-- test.test5 -->
      <class name="test.test3">
        <test-method is-config="true" signature="appiumcarloan()[pri:0, instance:test.test3@2b91004a]" started-at="2023-02-08T22:43:21 IST" name="appiumcarloan" finished-at="2023-02-08T22:43:21 IST" duration-ms="0" status="PASS">
          <reporter-output>
          </reporter-output>
        </test-method> <!-- appiumcarloan -->
        <test-method is-config="true" signature="beforcla()[pri:0, instance:test.test3@2b91004a]" started-at="2023-02-08T22:43:21 IST" name="beforcla" finished-at="2023-02-08T22:43:21 IST" duration-ms="0" status="PASS">
          <reporter-output>
          </reporter-output>
        </test-method> <!-- beforcla -->
        <test-method is-config="true" signature="methodd()[pri:0, instance:test.test3@2b91004a]" started-at="2023-02-08T22:43:21 IST" name="methodd" finished-at="2023-02-08T22:43:21 IST" duration-ms="0" status="PASS">
          <reporter-output>
          </reporter-output>
        </test-method> <!-- methodd -->
        <test-method signature="moblieApicarloan()[pri:0, instance:test.test3@2b91004a]" started-at="2023-02-08T22:43:21 IST" name="moblieApicarloan" finished-at="2023-02-08T22:43:21 IST" duration-ms="1" status="PASS">
          <reporter-output>
          </reporter-output>
        </test-method> <!-- moblieApicarloan -->
        <test-method is-config="true" signature="methodd()[pri:0, instance:test.test3@2b91004a]" started-at="2023-02-08T22:43:21 IST" name="methodd" finished-at="2023-02-08T22:43:21 IST" duration-ms="1" status="PASS">
          <reporter-output>
          </reporter-output>
        </test-method> <!-- methodd -->
        <test-method is-config="true" signature="methhod()[pri:0, instance:test.test3@2b91004a]" started-at="2023-02-08T22:43:21 IST" name="methhod" finished-at="2023-02-08T22:43:21 IST" duration-ms="0" status="PASS">
          <reporter-output>
          </reporter-output>
        </test-method> <!-- methhod -->
        <test-method signature="mobliehomeloan()[pri:0, instance:test.test3@2b91004a]" started-at="2023-02-08T22:43:21 IST" name="mobliehomeloan" finished-at="2023-02-08T22:43:21 IST" duration-ms="1" status="PASS">
          <reporter-output>
          </reporter-output>
        </test-method> <!-- mobliehomeloan -->
        <test-method is-config="true" signature="methhod()[pri:0, instance:test.test3@2b91004a]" started-at="2023-02-08T22:43:21 IST" name="methhod" finished-at="2023-02-08T22:43:21 IST" duration-ms="1" status="PASS">
          <reporter-output>
          </reporter-output>
        </test-method> <!-- methhod -->
        <test-method signature="webcarloan(java.lang.String)[pri:0, instance:test.test3@2b91004a]" started-at="2023-02-08T22:43:21 IST" name="webcarloan" finished-at="2023-02-08T22:43:21 IST" duration-ms="0" status="FAIL">
          <exception class="org.testng.TestNGException">
            <message>
              <![CDATA[
Parameter 'URL' is required by @Test on method webcarloan but has not been marked @Optional or defined
in C:\Users\sagar\OneDrive\Documents\eclipse-workspace\TestNgtutorials\testng.xml]]>
            </message>
            <full-stacktrace>
              <![CDATA[org.testng.TestNGException: 
Parameter 'URL' is required by @Test on method webcarloan but has not been marked @Optional or defined
in C:\Users\sagar\OneDrive\Documents\eclipse-workspace\TestNgtutorials\testng.xml
at org.testng.internal.Parameters.createParams(Parameters.java:270)
at org.testng.internal.Parameters.createParametersForMethod(Parameters.java:358)
at org.testng.internal.Parameters.createParameters(Parameters.java:700)
at org.testng.internal.Parameters.handleParameters(Parameters.java:884)
at org.testng.internal.Parameters.handleParameters(Parameters.java:740)
at org.testng.internal.ParameterHandler.handleParameters(ParameterHandler.java:59)
at org.testng.internal.ParameterHandler.createParameters(ParameterHandler.java:38)
at org.testng.internal.TestInvoker$MethodInvocationAgent.invoke(TestInvoker.java:791)
at org.testng.internal.TestInvoker.invokeTestMethods(TestInvoker.java:146)
at org.testng.internal.TestMethodWorker.invokeTestMethods(TestMethodWorker.java:146)
at org.testng.internal.TestMethodWorker.run(TestMethodWorker.java:128)
at java.base/java.util.ArrayList.forEach(ArrayList.java:1511)
at org.testng.TestRunner.privateRun(TestRunner.java:794)
at org.testng.TestRunner.run(TestRunner.java:596)
at org.testng.SuiteRunner.runTest(SuiteRunner.java:377)
at org.testng.SuiteRunner.access$000(SuiteRunner.java:28)
at org.testng.SuiteRunner$SuiteWorker.run(SuiteRunner.java:418)
at org.testng.internal.thread.ThreadUtil.lambda$execute$0(ThreadUtil.java:64)
at java.base/java.util.concurrent.FutureTask.run(FutureTask.java:264)
at java.base/java.util.concurrent.ThreadPoolExecutor.runWorker(ThreadPoolExecutor.java:1136)
at java.base/java.util.concurrent.ThreadPoolExecutor$Worker.run(ThreadPoolExecutor.java:635)
at java.base/java.lang.Thread.run(Thread.java:833)
]]>
            </full-stacktrace>
          </exception> <!-- org.testng.TestNGException -->
          <reporter-output>
          </reporter-output>
        </test-method> <!-- webcarloan -->
        <test-method is-config="true" signature="afterclas()[pri:0, instance:test.test3@2b91004a]" started-at="2023-02-08T22:43:21 IST" name="afterclas" finished-at="2023-02-08T22:43:21 IST" duration-ms="1" status="PASS">
          <reporter-output>
          </reporter-output>
        </test-method> <!-- afterclas -->
      </class> <!-- test.test3 -->
    </test> <!-- home loan -->
  </suite> <!-- Loan department -->
</testng-results>
